[debug] [2025-05-16T13:31:46.259Z] ----------------------------------------------------------------------
[debug] [2025-05-16T13:31:46.261Z] Command:       /usr/local/bin/node /Users/lakshya/Desktop/InFashion/rkcl/node_modules/.bin/firebase init
[debug] [2025-05-16T13:31:46.261Z] CLI Version:   14.4.0
[debug] [2025-05-16T13:31:46.261Z] Platform:      darwin
[debug] [2025-05-16T13:31:46.261Z] Node Version:  v22.12.0
[debug] [2025-05-16T13:31:46.261Z] Time:          Fri May 16 2025 19:01:46 GMT+0530 (India Standard Time)
[debug] [2025-05-16T13:31:46.261Z] ----------------------------------------------------------------------
[debug] 
[debug] [2025-05-16T13:31:46.262Z] >>> [apiv2][query] GET https://firebase-public.firebaseio.com/cli.json [none]
[debug] [2025-05-16T13:31:46.288Z] > command requires scopes: ["email","openid","https://www.googleapis.com/auth/cloudplatformprojects.readonly","https://www.googleapis.com/auth/firebase","https://www.googleapis.com/auth/cloud-platform"]
[debug] [2025-05-16T13:31:46.289Z] > authorizing via signed-in user (alakshya2648@gmail.com)
[info] 
     ######## #### ########  ######## ########     ###     ######  ########
     ##        ##  ##     ## ##       ##     ##  ##   ##  ##       ##
     ######    ##  ########  ######   ########  #########  ######  ######
     ##        ##  ##    ##  ##       ##     ## ##     ##       ## ##
     ##       #### ##     ## ######## ########  ##     ##  ######  ########

You're about to initialize a Firebase project in this directory:

  /Users/lakshya/Desktop/InFashion/rkcl

[debug] [2025-05-16T13:31:46.959Z] <<< [apiv2][status] GET https://firebase-public.firebaseio.com/cli.json 200
[debug] [2025-05-16T13:31:46.959Z] <<< [apiv2][body] GET https://firebase-public.firebaseio.com/cli.json {"cloudBuildErrorAfter":1594252800000,"cloudBuildWarnAfter":1590019200000,"defaultNode10After":1594252800000,"minVersion":"3.0.5","node8DeploysDisabledAfter":1613390400000,"node8RuntimeDisabledAfter":1615809600000,"node8WarnAfter":1600128000000}
[debug] [2025-05-16T13:40:48.251Z] ExitPromptError: User force closed the prompt with SIGINT
    at Interface.sigint (/Users/lakshya/Desktop/InFashion/rkcl/node_modules/@inquirer/core/dist/commonjs/lib/create-prompt.js:100:37)
    at Interface.emit (node:events:524:28)
    at Interface.emit (node:domain:489:12)
    at [_ttyWrite] [as _ttyWrite] (node:internal/readline/interface:1124:18)
    at ReadStream.onkeypress (node:internal/readline/interface:263:20)
    at ReadStream.emit (node:events:536:35)
    at ReadStream.emit (node:domain:489:12)
    at emitKeys (node:internal/readline/utils:370:14)
    at emitKeys.next (<anonymous>)
    at ReadStream.onData (node:internal/readline/emitKeypressEvents:64:36)
[error] 
[error] Error: An unexpected error has occurred.
